# JRE version: OpenJDK Runtime Environment (8.0_121-b13) (build 1.8.0_121-8u121-b13-0ubuntu1.16.04.2-b13)
# Java VM: OpenJDK 64-Bit Server VM (25.121-b13 mixed mode linux-amd64 compressed oops)
Heap:
 PSYoungGen      total 206848K, used 42865K [0x00000000d7000000, 0x00000000e7d00000, 0x0000000100000000)
  eden space 196096K, 21% used [0x00000000d7000000,0x00000000d99dc510,0x00000000e2f80000)
  from space 10752K, 0% used [0x00000000e7280000,0x00000000e7280000,0x00000000e7d00000)
  to   space 13824K, 0% used [0x00000000e6200000,0x00000000e6200000,0x00000000e6f80000)
 ParOldGen       total 101888K, used 22787K [0x0000000085000000, 0x000000008b380000, 0x00000000d7000000)
  object space 101888K, 22% used [0x0000000085000000,0x0000000086640dd8,0x000000008b380000)
 Metaspace       used 39880K, capacity 40806K, committed 41304K, reserved 1085440K
  class space    used 4866K, capacity 5100K, committed 5208K, reserved 1048576K
GC Heap History (10 events):
Event: 1,990 GC heap before
{Heap before GC invocations=4 (full 0):
 PSYoungGen      total 68608K, used 68592K [0x00000000d7000000, 0x00000000df600000, 0x0000000100000000)
  eden space 63488K, 100% used [0x00000000d7000000,0x00000000dae00000,0x00000000dae00000)
  from space 5120K, 99% used [0x00000000dae00000,0x00000000db2fc030,0x00000000db300000)
  to   space 5120K, 0% used [0x00000000df100000,0x00000000df100000,0x00000000df600000)
 ParOldGen       total 84992K, used 4839K [0x0000000085000000, 0x000000008a300000, 0x00000000d7000000)
  object space 84992K, 5% used [0x0000000085000000,0x00000000854b9e50,0x000000008a300000)
 Metaspace       used 17441K, capacity 17898K, committed 18048K, reserved 1064960K
  class space    used 2024K, capacity 2161K, committed 2176K, reserved 1048576K
Event: 2,001 GC heap after
Heap after GC invocations=4 (full 0):
 PSYoungGen      total 132096K, used 5104K [0x00000000d7000000, 0x00000000df600000, 0x0000000100000000)
  eden space 126976K, 0% used [0x00000000d7000000,0x00000000d7000000,0x00000000dec00000)
  from space 5120K, 99% used [0x00000000df100000,0x00000000df5fc030,0x00000000df600000)
  to   space 5120K, 0% used [0x00000000dec00000,0x00000000dec00000,0x00000000df100000)
 ParOldGen       total 84992K, used 8494K [0x0000000085000000, 0x000000008a300000, 0x00000000d7000000)
  object space 84992K, 9% used [0x0000000085000000,0x000000008584ba20,0x000000008a300000)
 Metaspace       used 17441K, capacity 17898K, committed 18048K, reserved 1064960K
  class space    used 2024K, capacity 2161K, committed 2176K, reserved 1048576K
}
Event: 2,343 GC heap before
{Heap before GC invocations=5 (full 0):
 PSYoungGen      total 132096K, used 41781K [0x00000000d7000000, 0x00000000df600000, 0x0000000100000000)
  eden space 126976K, 28% used [0x00000000d7000000,0x00000000d93d1640,0x00000000dec00000)
  from space 5120K, 99% used [0x00000000df100000,0x00000000df5fc030,0x00000000df600000)
  to   space 5120K, 0% used [0x00000000dec00000,0x00000000dec00000,0x00000000df100000)
 ParOldGen       total 84992K, used 8494K [0x0000000085000000, 0x000000008a300000, 0x00000000d7000000)
  object space 84992K, 9% used [0x0000000085000000,0x000000008584ba20,0x000000008a300000)
 Metaspace       used 20495K, capacity 21186K, committed 21248K, reserved 1069056K
  class space    used 2351K, capacity 2507K, committed 2560K, reserved 1048576K
Event: 2,364 GC heap after
Heap after GC invocations=5 (full 0):
 PSYoungGen      total 132096K, used 5104K [0x00000000d7000000, 0x00000000e7d00000, 0x0000000100000000)
  eden space 126976K, 0% used [0x00000000d7000000,0x00000000d7000000,0x00000000dec00000)
  from space 5120K, 99% used [0x00000000dec00000,0x00000000df0fc010,0x00000000df100000)
  to   space 10752K, 0% used [0x00000000e7280000,0x00000000e7280000,0x00000000e7d00000)
 ParOldGen       total 84992K, used 12016K [0x0000000085000000, 0x000000008a300000, 0x00000000d7000000)
  object space 84992K, 14% used [0x0000000085000000,0x0000000085bbc368,0x000000008a300000)
 Metaspace       used 20495K, capacity 21186K, committed 21248K, reserved 1069056K
  class space    used 2351K, capacity 2507K, committed 2560K, reserved 1048576K
}
Event: 2,364 GC heap before
{Heap before GC invocations=6 (full 1):
 PSYoungGen      total 132096K, used 5104K [0x00000000d7000000, 0x00000000e7d00000, 0x0000000100000000)
  eden space 126976K, 0% used [0x00000000d7000000,0x00000000d7000000,0x00000000dec00000)
  from space 5120K, 99% used [0x00000000dec00000,0x00000000df0fc010,0x00000000df100000)
  to   space 10752K, 0% used [0x00000000e7280000,0x00000000e7280000,0x00000000e7d00000)
 ParOldGen       total 84992K, used 12016K [0x0000000085000000, 0x000000008a300000, 0x00000000d7000000)
  object space 84992K, 14% used [0x0000000085000000,0x0000000085bbc368,0x000000008a300000)
 Metaspace       used 20495K, capacity 21186K, committed 21248K, reserved 1069056K
  class space    used 2351K, capacity 2507K, committed 2560K, reserved 1048576K
Event: 2,408 GC heap after
Heap after GC invocations=6 (full 1):
 PSYoungGen      total 132096K, used 0K [0x00000000d7000000, 0x00000000e7d00000, 0x0000000100000000)
  eden space 126976K, 0% used [0x00000000d7000000,0x00000000d7000000,0x00000000dec00000)
  from space 5120K, 0% used [0x00000000dec00000,0x00000000dec00000,0x00000000df100000)
  to   space 10752K, 0% used [0x00000000e7280000,0x00000000e7280000,0x00000000e7d00000)
 ParOldGen       total 64512K, used 13503K [0x0000000085000000, 0x0000000088f00000, 0x00000000d7000000)
  object space 64512K, 20% used [0x0000000085000000,0x0000000085d2fe20,0x0000000088f00000)
 Metaspace       used 20495K, capacity 21186K, committed 21248K, reserved 1069056K
  class space    used 2351K, capacity 2507K, committed 2560K, reserved 1048576K
}
Event: 3,406 GC heap before
{Heap before GC invocations=7 (full 1):
 PSYoungGen      total 132096K, used 90800K [0x00000000d7000000, 0x00000000e7d00000, 0x0000000100000000)
  eden space 126976K, 71% used [0x00000000d7000000,0x00000000dc8ac2b8,0x00000000dec00000)
  from space 5120K, 0% used [0x00000000dec00000,0x00000000dec00000,0x00000000df100000)
  to   space 10752K, 0% used [0x00000000e7280000,0x00000000e7280000,0x00000000e7d00000)
 ParOldGen       total 64512K, used 13503K [0x0000000085000000, 0x0000000088f00000, 0x00000000d7000000)
  object space 64512K, 20% used [0x0000000085000000,0x0000000085d2fe20,0x0000000088f00000)
 Metaspace       used 34374K, capacity 35212K, committed 35416K, reserved 1081344K
  class space    used 4229K, capacity 4429K, committed 4440K, reserved 1048576K
Event: 3,414 GC heap after
Heap after GC invocations=7 (full 1):
 PSYoungGen      total 206848K, used 10737K [0x00000000d7000000, 0x00000000e7d00000, 0x0000000100000000)
  eden space 196096K, 0% used [0x00000000d7000000,0x00000000d7000000,0x00000000e2f80000)
  from space 10752K, 99% used [0x00000000e7280000,0x00000000e7cfc458,0x00000000e7d00000)
  to   space 13824K, 0% used [0x00000000e6200000,0x00000000e6200000,0x00000000e6f80000)
 ParOldGen       total 64512K, used 16598K [0x0000000085000000, 0x0000000088f00000, 0x00000000d7000000)
  object space 64512K, 25% used [0x0000000085000000,0x0000000086035aa8,0x0000000088f00000)
 Metaspace       used 34374K, capacity 35212K, committed 35416K, reserved 1081344K
  class space    used 4229K, capacity 4429K, committed 4440K, reserved 1048576K
}
Event: 3,414 GC heap before
{Heap before GC invocations=8 (full 2):
 PSYoungGen      total 206848K, used 10737K [0x00000000d7000000, 0x00000000e7d00000, 0x0000000100000000)
  eden space 196096K, 0% used [0x00000000d7000000,0x00000000d7000000,0x00000000e2f80000)
  from space 10752K, 99% used [0x00000000e7280000,0x00000000e7cfc458,0x00000000e7d00000)
  to   space 13824K, 0% used [0x00000000e6200000,0x00000000e6200000,0x00000000e6f80000)
 ParOldGen       total 64512K, used 16598K [0x0000000085000000, 0x0000000088f00000, 0x00000000d7000000)
  object space 64512K, 25% used [0x0000000085000000,0x0000000086035aa8,0x0000000088f00000)
 Metaspace       used 34374K, capacity 35212K, committed 35416K, reserved 1081344K
  class space    used 4229K, capacity 4429K, committed 4440K, reserved 1048576K
Event: 3,474 GC heap after
Heap after GC invocations=8 (full 2):
 PSYoungGen      total 206848K, used 0K [0x00000000d7000000, 0x00000000e7d00000, 0x0000000100000000)
  eden space 196096K, 0% used [0x00000000d7000000,0x00000000d7000000,0x00000000e2f80000)
  from space 10752K, 0% used [0x00000000e7280000,0x00000000e7280000,0x00000000e7d00000)
  to   space 13824K, 0% used [0x00000000e6200000,0x00000000e6200000,0x00000000e6f80000)
 ParOldGen       total 101888K, used 22787K [0x0000000085000000, 0x000000008b380000, 0x00000000d7000000)
  object space 101888K, 22% used [0x0000000085000000,0x0000000086640dd8,0x000000008b380000)
 Metaspace       used 34374K, capacity 35212K, committed 35416K, reserved 1081344K
  class space    used 4229K, capacity 4429K, committed 4440K, reserved 1048576K
}

